{"level":"error"}
{"level":"error"}
{"level":"error"}
{"level":"error"}
{"level":"error"}
{"level":"error"}
{"level":"error"}
{"level":"error"}
{"level":"error"}
{"level":"error"}
{"level":"error"}
{"level":"error"}
{"level":"error"}
{"level":"error"}
{"level":"error"}
{"level":"error"}
{"level":"error"}
{"level":"error"}
{"level":"error"}
{"level":"error"}
{"level":"error"}
{"level":"error"}
{"level":"error"}
{"level":"error"}
{"level":"error"}
{"level":"error"}
{"level":"error"}
{"level":"error"}
{"code":"23505","constraint":"posts_title_key","detail":"Key (title)=(j13npg) already exists.","file":"nbtinsert.c","length":198,"level":"error","line":"671","name":"error","routine":"_bt_check_unique","schema":"public","severity":"ERROR","table":"posts"}
{"code":"23505","constraint":"posts_title_key","detail":"Key (title)=(kcte8) already exists.","file":"nbtinsert.c","length":197,"level":"error","line":"671","name":"error","routine":"_bt_check_unique","schema":"public","severity":"ERROR","table":"posts"}
{"code":"23505","constraint":"posts_title_key","detail":"Key (title)=(zsg8l) already exists.","file":"nbtinsert.c","length":197,"level":"error","line":"671","name":"error","routine":"_bt_check_unique","schema":"public","severity":"ERROR","table":"posts"}
{"level":"error"}
{"level":"error"}
{"level":"error"}
{"code":"22P02","file":"numutils.c","length":143,"level":"error","line":"235","name":"error","routine":"pg_strtoint32","severity":"ERROR","where":"unnamed portal parameter $1 = '...'"}
{"level":"error"}
{"level":"error"}
{"level":"error"}
{"level":"error"}
{"level":"error"}
{"level":"error"}
{"code":"22P02","file":"numutils.c","length":144,"level":"error","line":"235","name":"error","routine":"pg_strtoint32","severity":"ERROR","where":"unnamed portal parameter $1 = '...'"}
{"level":"error"}
{"level":"error"}
{"level":"error"}
{"level":"error"}
{"code":"23505","constraint":"users_username_key","detail":"Key (username)=(zw38t) already exists.","file":"nbtinsert.c","length":206,"level":"error","line":"671","name":"error","routine":"_bt_check_unique","schema":"public","severity":"ERROR","table":"users"}
{"level":"error"}
{"level":"error"}
{"level":"error"}
{"code":"23505","constraint":"users_username_key","detail":"Key (username)=(y9sfk) already exists.","file":"nbtinsert.c","length":206,"level":"error","line":"671","name":"error","routine":"_bt_check_unique","schema":"public","severity":"ERROR","table":"users"}
{"level":"error"}
{"level":"error"}
{"level":"error"}
{"code":"23505","constraint":"users_username_key","detail":"Key (username)=(jmkm5h) already exists.","file":"nbtinsert.c","length":207,"level":"error","line":"671","name":"error","routine":"_bt_check_unique","schema":"public","severity":"ERROR","table":"users"}
{"level":"error"}
{"level":"error"}
{"level":"error"}
{"code":"23505","constraint":"users_username_key","detail":"Key (username)=(ku2a4) already exists.","file":"nbtinsert.c","length":206,"level":"error","line":"671","name":"error","routine":"_bt_check_unique","schema":"public","severity":"ERROR","table":"users"}
{"level":"error"}
{"level":"error"}
{"code":"22P02","file":"numutils.c","length":143,"level":"error","line":"235","name":"error","routine":"pg_strtoint32","severity":"ERROR","where":"unnamed portal parameter $1 = '...'"}
{"level":"error"}
{"level":"error"}
{"level":"error"}
{"level":"error"}
{"level":"error"}
{"level":"error"}
{"level":"error"}
{"level":"error"}
{"level":"error"}
{"level":"error"}
{"level":"error"}
{"level":"error"}
